<?xml version="1.0" encoding="UTF-8"?>
<!-- Generated by org.testng.reporters.JUnitReportReporter -->
<testsuite hostname="LAPTOP-0NT22F0F" failures="0" tests="3" name="com.qa.testcases.FBURLTest" time="56.315" errors="0" timestamp="2023-02-25T17:06:34 GMT" skipped="0">
  <testcase classname="com.qa.testcases.FBURLTest" name="TitleTest" time="16.159"/>
  <system-out/>
  <testcase classname="com.qa.testcases.FBURLTest" name="TitleTest" time="23.107"/>
  <system-out/>
  <testcase classname="com.qa.testcases.FBURLTest" name="TitleTest" time="17.049"/>
  <system-out/>
</testsuite> <!-- com.qa.testcases.FBURLTest -->
