<?xml version="1.0" encoding="UTF-8"?>
<!-- Generated by org.testng.reporters.JUnitReportReporter -->
<testsuite hostname="LAPTOP-0NT22F0F" failures="0" tests="3" name="com.qa.testcases.BingURLTest" time="50.268" errors="0" timestamp="2023-02-25T17:06:34 GMT" skipped="0">
  <testcase classname="com.qa.testcases.BingURLTest" name="TitleTest" time="14.517"/>
  <system-out/>
  <testcase classname="com.qa.testcases.BingURLTest" name="TitleTest" time="13.527"/>
  <system-out/>
  <testcase classname="com.qa.testcases.BingURLTest" name="TitleTest" time="22.224"/>
  <system-out/>
</testsuite> <!-- com.qa.testcases.BingURLTest -->
